<?xml version="1.0" encoding="UTF-8"?>
<!-- Generated by org.testng.reporters.JUnitReportReporter -->
<testsuite skipped="0" hostname="8J1V022-LT" name="DogTest.apitest" tests="4" failures="0" timestamp="27 Mar 2018 09:56:34 GMT" time="7.974" errors="0">
  <testcase name="ListAllSubBreeds" time="1.225" classname="DogTest.apitest"/>
  <testcase name="ListAllBreeds" time="2.673" classname="DogTest.apitest"/>
  <testcase name="RandomBreedImage" time="2.562" classname="DogTest.apitest"/>
  <testcase name="ListBreedImages" time="1.514" classname="DogTest.apitest"/>
</testsuite> <!-- DogTest.apitest -->
